<?xml version="1.0" encoding="UTF-8"?>
<testng-results skipped="0" failed="0" total="1" passed="1">
  <reporter-output>
  </reporter-output>
  <suite name="Suite" duration-ms="9296" started-at="2017-05-19T07:06:41Z" finished-at="2017-05-19T07:06:51Z">
    <groups>
    </groups>
    <test name="Test" duration-ms="9296" started-at="2017-05-19T07:06:41Z" finished-at="2017-05-19T07:06:51Z">
      <class name="com.test.vn.mytest.HelloWorldTest">
        <test-method status="PASS" signature="login()[pri:0, instance:com.test.vn.mytest.HelloWorldTest@73f792cf]" name="login" duration-ms="9284" started-at="2017-05-19T14:06:41Z" finished-at="2017-05-19T14:06:51Z">
          <reporter-output>
          </reporter-output>
        </test-method> <!-- login -->
      </class> <!-- com.test.vn.mytest.HelloWorldTest -->
    </test> <!-- Test -->
  </suite> <!-- Suite -->
</testng-results>
