<?xml version="1.0" encoding="UTF-8"?>
<testng-results skipped="0" failed="0" total="1" passed="1">
  <reporter-output>
  </reporter-output>
  <suite name="Suite" duration-ms="40" started-at="2017-05-17T07:09:24Z" finished-at="2017-05-17T07:09:24Z">
    <groups>
    </groups>
    <test name="Test" duration-ms="40" started-at="2017-05-17T07:09:24Z" finished-at="2017-05-17T07:09:24Z">
      <class name="com.test.vn.mytest.HelloWorldTest">
        <test-method status="PASS" signature="login()[pri:0, instance:com.test.vn.mytest.HelloWorldTest@5474c6c]" name="login" duration-ms="12" started-at="2017-05-17T14:09:24Z" finished-at="2017-05-17T14:09:24Z">
          <reporter-output>
          </reporter-output>
        </test-method> <!-- login -->
      </class> <!-- com.test.vn.mytest.HelloWorldTest -->
    </test> <!-- Test -->
  </suite> <!-- Suite -->
</testng-results>
